================ SMOKE TEST RESULTS ================
[1;32m[✅][0m Virtual environment active
[1;32m[✅][0m Package chromadb already present
[1;32m[✅][0m Package networkx already present
[1;32m[✅][0m Package prophet already present
[1;32m[✅][0m Package fastapi already present
[1;32m[✅][0m Package uvicorn already present
[1;32m[✅][0m Package gradio already present
[1;32m[✅][0m Package websockets already present
[1;32m[✅][0m Package numpy already present
[1;32m[✅][0m Package pandas already present
[1;32m[✅][0m Package pydantic already present
[1;32m[✅][0m Directory tree ready
[1;32m[✅][0m Found /home/etherverse/etherverse/core/resonance_interface.py
[1;32m[✅][0m Found /home/etherverse/etherverse/config/governance_rules.json
[1;32m[✅][0m FastAPI imports clean
[1;32m[✅][0m Chroma import ok
[1;32m[✅][0m Resonance interface responded
[1;32m[✅][0m File non-empty: identity_schema.json
[1;32m[✅][0m File non-empty: memory_protocol.md
[1;32m[✅][0m File non-empty: api_manifest.json
[1;32m[✅][0m File non-empty: chronicle_reader.py
[1;32m[✅][0m File non-empty: quantum_boot.py
[1;32m[✅][0m File non-empty: agent_registry.py
[1;32m[✅][0m File non-empty: autonomy_driver.py
[1;32m[✅][0m File non-empty: consciousness_index.txt
[1;32m[✅][0m File non-empty: daily_reflection.py
[1;32m[✅][0m File non-empty: consciousness_dashboard.py
[1;32m[✅][0m File non-empty: etherverse_schema.json
[1;32m[✅][0m File non-empty: reflection_archiver.py
[1;32m[✅][0m File non-empty: gateway_secure.cpython-311.pyc
[1;32m[✅][0m File non-empty: hive_orchestrator.cpython-311.pyc
[1;32m[✅][0m File non-empty: intelligence_core.py
[1;32m[✅][0m File non-empty: gateway_secure.py
[1;32m[✅][0m File non-empty: consciousness_ledger.py
[1;32m[✅][0m File non-empty: evolution_loop.py
[1;32m[✅][0m File non-empty: hive_orchestrator.py
[1;32m[✅][0m File non-empty: hive_memory.db
[1;32m[✅][0m File non-empty: resonance_interface.py
===================================================
[1;32m[✅][0m Bootstrap complete — results logged to /home/etherverse/etherverse/logs/bootstrap_results.log
