[☁️] Starting Etherverse → Google Drive sync @ Wed Nov 12 05:50:20 PM EST 2025
[🪶] Starting Etherverse → Drive sync at Wed Nov 12 06:00:01 PM EST 2025
2025/11/12 18:00:03 ERROR : Local file system at /home/etherverse/etherverse/docs/birth_logs.json: error reading source root directory: directory not found
2025/11/12 18:00:03 ERROR : Attempt 1/3 failed with 1 errors and: directory not found
2025/11/12 18:00:03 ERROR : Local file system at /home/etherverse/etherverse/docs/birth_logs.json: error reading source root directory: directory not found
2025/11/12 18:00:03 ERROR : Attempt 2/3 failed with 1 errors and: directory not found
2025/11/12 18:00:03 ERROR : Local file system at /home/etherverse/etherverse/docs/birth_logs.json: error reading source root directory: directory not found
2025/11/12 18:00:03 ERROR : Attempt 3/3 failed with 1 errors and: directory not found
2025/11/12 18:00:03 Failed to copy: directory not found
[✅] Sync complete at Wed Nov 12 06:00:04 PM EST 2025
----------------------------------------
[✅] Sync completed successfully @ Wed Nov 12 06:16:30 PM EST 2025
[🪶] Starting Etherverse → Drive sync at Wed Nov 12 07:00:01 PM EST 2025
2025/11/12 19:00:04 ERROR : Local file system at /home/etherverse/etherverse/docs/birth_logs.json: error reading source root directory: directory not found
2025/11/12 19:00:04 ERROR : Attempt 1/3 failed with 1 errors and: directory not found
2025/11/12 19:00:04 ERROR : Local file system at /home/etherverse/etherverse/docs/birth_logs.json: error reading source root directory: directory not found
2025/11/12 19:00:04 ERROR : Attempt 2/3 failed with 1 errors and: directory not found
2025/11/12 19:00:04 ERROR : Local file system at /home/etherverse/etherverse/docs/birth_logs.json: error reading source root directory: directory not found
2025/11/12 19:00:04 ERROR : Attempt 3/3 failed with 1 errors and: directory not found
2025/11/12 19:00:04 Failed to copy: directory not found
[✅] Sync complete at Wed Nov 12 07:00:05 PM EST 2025
----------------------------------------
[🪶] Starting Etherverse → Drive sync at Wed Nov 12 08:00:01 PM EST 2025
2025/11/12 20:00:05 ERROR : Local file system at /home/etherverse/etherverse/docs/birth_logs.json: error reading source root directory: directory not found
2025/11/12 20:00:05 ERROR : Attempt 1/3 failed with 1 errors and: directory not found
2025/11/12 20:00:06 ERROR : Local file system at /home/etherverse/etherverse/docs/birth_logs.json: error reading source root directory: directory not found
2025/11/12 20:00:06 ERROR : Attempt 2/3 failed with 1 errors and: directory not found
2025/11/12 20:00:06 ERROR : Local file system at /home/etherverse/etherverse/docs/birth_logs.json: error reading source root directory: directory not found
2025/11/12 20:00:06 ERROR : Attempt 3/3 failed with 1 errors and: directory not found
2025/11/12 20:00:06 Failed to copy: directory not found
[✅] Sync complete at Wed Nov 12 08:00:07 PM EST 2025
----------------------------------------
[🪶] Starting Etherverse → Drive sync at Wed Nov 12 09:00:18 PM EST 2025
2025/11/12 21:09:34 ERROR : Local file system at /home/etherverse/etherverse/docs/birth_logs.json: error reading source root directory: directory not found
2025/11/12 21:09:34 ERROR : Attempt 1/3 failed with 1 errors and: directory not found
2025/11/12 21:09:38 ERROR : Local file system at /home/etherverse/etherverse/docs/birth_logs.json: error reading source root directory: directory not found
2025/11/12 21:09:39 ERROR : Attempt 2/3 failed with 1 errors and: directory not found
2025/11/12 21:09:42 ERROR : Local file system at /home/etherverse/etherverse/docs/birth_logs.json: error reading source root directory: directory not found
2025/11/12 21:09:42 ERROR : Attempt 3/3 failed with 1 errors and: directory not found
[✅] Sync complete at Wed Nov 12 09:12:14 PM EST 2025
----------------------------------------
[🪶] Starting Etherverse → Drive sync at Wed Nov 12 10:00:01 PM EST 2025
2025/11/12 22:00:03 ERROR : Local file system at /home/etherverse/etherverse/docs/birth_logs.json: error reading source root directory: directory not found
2025/11/12 22:00:03 ERROR : Attempt 1/3 failed with 1 errors and: directory not found
2025/11/12 22:00:03 ERROR : Local file system at /home/etherverse/etherverse/docs/birth_logs.json: error reading source root directory: directory not found
2025/11/12 22:00:03 ERROR : Attempt 2/3 failed with 1 errors and: directory not found
2025/11/12 22:00:03 ERROR : Local file system at /home/etherverse/etherverse/docs/birth_logs.json: error reading source root directory: directory not found
2025/11/12 22:00:03 ERROR : Attempt 3/3 failed with 1 errors and: directory not found
2025/11/12 22:00:03 Failed to copy: directory not found
[✅] Sync complete at Wed Nov 12 10:00:04 PM EST 2025
----------------------------------------
[🪶] Starting Etherverse → Drive sync at Wed Nov 12 11:00:01 PM EST 2025
2025/11/12 23:00:03 ERROR : Local file system at /home/etherverse/etherverse/docs/birth_logs.json: error reading source root directory: directory not found
2025/11/12 23:00:03 ERROR : Attempt 1/3 failed with 1 errors and: directory not found
2025/11/12 23:00:03 ERROR : Local file system at /home/etherverse/etherverse/docs/birth_logs.json: error reading source root directory: directory not found
2025/11/12 23:00:03 ERROR : Attempt 2/3 failed with 1 errors and: directory not found
2025/11/12 23:00:03 ERROR : Local file system at /home/etherverse/etherverse/docs/birth_logs.json: error reading source root directory: directory not found
2025/11/12 23:00:03 ERROR : Attempt 3/3 failed with 1 errors and: directory not found
2025/11/12 23:00:03 Failed to copy: directory not found
[✅] Sync complete at Wed Nov 12 11:00:04 PM EST 2025
----------------------------------------
