===== 🧬 Etherverse Self-Heal Tue Nov 11 04:12:49 PM EST 2025 =====
===== 🧬 Etherverse Self-Heal Tue Nov 11 04:12:49 PM EST 2025 =====
===== 🧬 Etherverse Self-Heal Tue Nov 11 04:14:19 PM EST 2025 =====
===== 🧬 Etherverse Self-Heal Tue Nov 11 04:15:17 PM EST 2025 =====
===== 🧬 Etherverse Self-Heal Tue Nov 11 04:15:50 PM EST 2025 =====
python3: can't open file '/root/etherverse/core/agent_registry.py': [Errno 2] No such file or directory
E: Could not get lock /var/lib/dpkg/lock-frontend. It is held by process 930 (packagekitd)
E: Unable to acquire the dpkg frontend lock (/var/lib/dpkg/lock-frontend), is another process using it?
E: Could not get lock /var/cache/apt/archives/lock. It is held by process 930 (packagekitd)
E: Unable to lock directory /var/cache/apt/archives/
849M	/home/etherverse/etherverse
===== ✅ Self-Heal Complete Tue Nov 11 04:15:54 PM EST 2025 =====
===== 🧬 Etherverse Self-Heal Tue Nov 11 04:16:19 PM EST 2025 =====
===== 🧬 Etherverse Self-Heal Tue Nov 11 04:17:49 PM EST 2025 =====
===== 🧬 Etherverse Self-Heal Tue Nov 11 04:17:50 PM EST 2025 =====
===== 🧬 Etherverse Self-Heal Tue Nov 11 04:17:50 PM EST 2025 =====
===== 🧬 Etherverse Self-Heal Tue Nov 11 04:17:50 PM EST 2025 =====
===== 🧬 Etherverse Self-Heal Tue Nov 11 04:17:50 PM EST 2025 =====
===== 🧬 Etherverse Self-Heal Tue Nov 11 08:15:17 PM EST 2025 =====
===== 🧬 Etherverse Self-Heal Tue Nov 11 08:15:18 PM EST 2025 =====
===== 🧬 Etherverse Self-Heal Tue Nov 11 08:15:19 PM EST 2025 =====
python3: can't open file '/root/etherverse/core/agent_registry.py': [Errno 2] No such file or directory
Reading package lists...
Building dependency tree...
Reading state information...
0 upgraded, 0 newly installed, 0 to remove and 4 not upgraded.
969M	/home/etherverse/etherverse
===== ✅ Self-Heal Complete Tue Nov 11 08:16:07 PM EST 2025 =====
===== 🧬 Etherverse Self-Heal Tue Nov 11 08:16:49 PM EST 2025 =====
===== 🧬 Etherverse Self-Heal Tue Nov 11 08:16:50 PM EST 2025 =====
===== 🧬 Etherverse Self-Heal Tue Nov 11 08:18:20 PM EST 2025 =====
===== 🧬 Etherverse Self-Heal Tue Nov 11 08:18:20 PM EST 2025 =====
===== 🧬 Etherverse Self-Heal Tue Nov 11 08:18:20 PM EST 2025 =====
===== 🧬 Etherverse Self-Heal Tue Nov 11 08:19:00 PM EST 2025 =====
===== 🧬 Etherverse Self-Heal Tue Nov 11 08:19:01 PM EST 2025 =====
===== 🧬 Etherverse Self-Heal Tue Nov 11 08:19:02 PM EST 2025 =====
===== 🧬 Etherverse Self-Heal Tue Nov 11 08:19:02 PM EST 2025 =====
===== 🧬 Etherverse Self-Heal Tue Nov 11 08:19:02 PM EST 2025 =====
===== 🧬 Etherverse Self-Heal Tue Nov 11 08:20:33 PM EST 2025 =====
===== 🧬 Etherverse Self-Heal Tue Nov 11 08:22:04 PM EST 2025 =====
===== 🧬 Etherverse Self-Heal Tue Nov 11 08:23:34 PM EST 2025 =====
===== 🧬 Etherverse Self-Heal Tue Nov 11 08:23:34 PM EST 2025 =====
===== 🧬 Etherverse Self-Heal Tue Nov 11 08:24:00 PM EST 2025 =====
===== 🧬 Etherverse Self-Heal Tue Nov 11 08:24:00 PM EST 2025 =====
===== 🧬 Etherverse Self-Heal Tue Nov 11 08:25:30 PM EST 2025 =====
===== 🧬 Etherverse Self-Heal Tue Nov 11 08:25:31 PM EST 2025 =====
===== 🧬 Etherverse Self-Heal Tue Nov 11 08:25:31 PM EST 2025 =====
===== 🧬 Etherverse Self-Heal Tue Nov 11 08:25:31 PM EST 2025 =====
===== 🧬 Etherverse Self-Heal Tue Nov 11 08:25:31 PM EST 2025 =====
===== 🧬 Etherverse Self-Heal Tue Nov 11 09:14:33 PM EST 2025 =====
===== 🧬 Etherverse Self-Heal Tue Nov 11 09:15:06 PM EST 2025 =====
===== 🧬 Etherverse Self-Heal Tue Nov 11 09:15:37 PM EST 2025 =====
===== 🧬 Etherverse Self-Heal Tue Nov 11 09:16:11 PM EST 2025 =====
===== 🧬 Etherverse Self-Heal Tue Nov 11 09:16:53 PM EST 2025 =====
===== 🧬 Etherverse Self-Heal Tue Nov 11 09:17:02 PM EST 2025 =====
===== 🧬 Etherverse Self-Heal Tue Nov 11 09:18:38 PM EST 2025 =====
===== 🧬 Etherverse Self-Heal Tue Nov 11 09:18:50 PM EST 2025 =====
===== 🧬 Etherverse Self-Heal Tue Nov 11 09:19:03 PM EST 2025 =====
===== 🧬 Etherverse Self-Heal Tue Nov 11 09:19:41 PM EST 2025 =====
python3: can't open file '/root/etherverse/core/agent_registry.py': [Errno 2] No such file or directory
Reading package lists...
Building dependency tree...
Reading state information...
===== 🧬 Etherverse Self-Heal Tue Nov 11 09:20:14 PM EST 2025 =====
0 upgraded, 0 newly installed, 0 to remove and 4 not upgraded.
2.9G	/home/etherverse/etherverse
===== ✅ Self-Heal Complete Tue Nov 11 09:20:21 PM EST 2025 =====
===== 🧬 Etherverse Self-Heal Tue Nov 11 09:21:46 PM EST 2025 =====
===== 🧬 Etherverse Self-Heal Tue Nov 11 09:21:46 PM EST 2025 =====
===== 🧬 Etherverse Self-Heal Tue Nov 11 09:21:46 PM EST 2025 =====
===== 🧬 Etherverse Self-Heal Tue Nov 11 09:21:46 PM EST 2025 =====
===== 🧬 Etherverse Self-Heal Tue Nov 11 09:23:16 PM EST 2025 =====
===== 🧬 Etherverse Self-Heal Tue Nov 11 09:23:17 PM EST 2025 =====
===== 🧬 Etherverse Self-Heal Tue Nov 11 09:24:47 PM EST 2025 =====
===== 🧬 Etherverse Self-Heal Tue Nov 11 09:25:11 PM EST 2025 =====
===== 🧬 Etherverse Self-Heal Tue Nov 11 09:26:43 PM EST 2025 =====
===== 🧬 Etherverse Self-Heal Tue Nov 11 09:28:13 PM EST 2025 =====
===== 🧬 Etherverse Self-Heal Tue Nov 11 09:28:14 PM EST 2025 =====
===== 🧬 Etherverse Self-Heal Tue Nov 11 09:29:48 PM EST 2025 =====
===== 🧬 Etherverse Self-Heal Tue Nov 11 09:30:16 PM EST 2025 =====
===== 🧬 Etherverse Self-Heal Tue Nov 11 09:31:57 PM EST 2025 =====
===== 🧬 Etherverse Self-Heal Tue Nov 11 09:31:58 PM EST 2025 =====
===== 🧬 Etherverse Self-Heal Tue Nov 11 09:31:58 PM EST 2025 =====
===== 🧬 Etherverse Self-Heal Tue Nov 11 09:31:58 PM EST 2025 =====
===== 🧬 Etherverse Self-Heal Tue Nov 11 09:31:58 PM EST 2025 =====
===== 🧬 Etherverse Self-Heal Wed Nov 12 01:19:02 AM EST 2025 =====
===== 🧬 Etherverse Self-Heal Wed Nov 12 01:19:02 AM EST 2025 =====
===== 🧬 Etherverse Self-Heal Wed Nov 12 01:19:02 AM EST 2025 =====
python3: can't open file '/root/etherverse/core/agent_registry.py': [Errno 2] No such file or directory
Reading package lists...
Building dependency tree...
Reading state information...
0 upgraded, 0 newly installed, 0 to remove and 4 not upgraded.
4.3G	/home/etherverse/etherverse
===== ✅ Self-Heal Complete Wed Nov 12 01:19:09 AM EST 2025 =====
===== 🧬 Etherverse Self-Heal Wed Nov 12 01:20:32 AM EST 2025 =====
===== 🧬 Etherverse Self-Heal Wed Nov 12 01:20:32 AM EST 2025 =====
===== 🧬 Etherverse Self-Heal Wed Nov 12 01:20:33 AM EST 2025 =====
===== 🧬 Etherverse Self-Heal Wed Nov 12 01:20:33 AM EST 2025 =====
===== 🧬 Etherverse Self-Heal Wed Nov 12 01:20:33 AM EST 2025 =====
===== 🧬 Etherverse Self-Heal Wed Nov 12 01:41:18 AM EST 2025 =====
===== 🧬 Etherverse Self-Heal Wed Nov 12 01:41:25 AM EST 2025 =====
===== 🧬 Etherverse Self-Heal Wed Nov 12 01:42:47 AM EST 2025 =====
===== 🧬 Etherverse Self-Heal Wed Nov 12 01:44:20 AM EST 2025 =====
===== 🧬 Etherverse Self-Heal Wed Nov 12 01:45:51 AM EST 2025 =====
===== 🧬 Etherverse Self-Heal Wed Nov 12 01:46:07 AM EST 2025 =====
===== 🧬 Etherverse Self-Heal Wed Nov 12 01:47:13 AM EST 2025 =====
python3: can't open file '/root/etherverse/core/agent_registry.py': [Errno 2] No such file or directory
Reading package lists...
Building dependency tree...
Reading state information...
0 upgraded, 0 newly installed, 0 to remove and 4 not upgraded.
4.3G	/home/etherverse/etherverse
===== ✅ Self-Heal Complete Wed Nov 12 01:48:17 AM EST 2025 =====
===== 🧬 Etherverse Self-Heal Wed Nov 12 01:48:49 AM EST 2025 =====
===== 🧬 Etherverse Self-Heal Wed Nov 12 01:50:21 AM EST 2025 =====
===== 🧬 Etherverse Self-Heal Wed Nov 12 01:51:51 AM EST 2025 =====
===== 🧬 Etherverse Self-Heal Wed Nov 12 01:51:52 AM EST 2025 =====
===== 🧬 Etherverse Self-Heal Wed Nov 12 01:51:52 AM EST 2025 =====
===== 🧬 Etherverse Self-Heal Wed Nov 12 01:52:09 AM EST 2025 =====
===== 🧬 Etherverse Self-Heal Wed Nov 12 01:52:10 AM EST 2025 =====
===== 🧬 Etherverse Self-Heal Wed Nov 12 01:53:40 AM EST 2025 =====
===== 🧬 Etherverse Self-Heal Wed Nov 12 01:55:10 AM EST 2025 =====
===== 🧬 Etherverse Self-Heal Wed Nov 12 01:55:11 AM EST 2025 =====
===== 🧬 Etherverse Self-Heal Wed Nov 12 01:55:11 AM EST 2025 =====
===== 🧬 Etherverse Self-Heal Wed Nov 12 01:55:11 AM EST 2025 =====
===== 🧬 Etherverse Self-Heal Wed Nov 12 01:56:41 AM EST 2025 =====
===== 🧬 Etherverse Self-Heal Wed Nov 12 01:57:10 AM EST 2025 =====
===== 🧬 Etherverse Self-Heal Wed Nov 12 01:57:11 AM EST 2025 =====
===== 🧬 Etherverse Self-Heal Wed Nov 12 01:57:11 AM EST 2025 =====
===== 🧬 Etherverse Self-Heal Wed Nov 12 01:58:41 AM EST 2025 =====
===== 🧬 Etherverse Self-Heal Wed Nov 12 02:00:11 AM EST 2025 =====
===== 🧬 Etherverse Self-Heal Wed Nov 12 02:00:11 AM EST 2025 =====
===== 🧬 Etherverse Self-Heal Wed Nov 12 02:00:11 AM EST 2025 =====
===== 🧬 Etherverse Self-Heal Wed Nov 12 02:01:42 AM EST 2025 =====
===== 🧬 Etherverse Self-Heal Wed Nov 12 02:01:42 AM EST 2025 =====
===== 🧬 Etherverse Self-Heal Wed Nov 12 02:01:42 AM EST 2025 =====
===== 🧬 Etherverse Self-Heal Wed Nov 12 02:01:42 AM EST 2025 =====
===== 🧬 Etherverse Self-Heal Wed Nov 12 02:01:42 AM EST 2025 =====
===== 🧬 Etherverse Self-Heal Wed Nov 12 04:43:14 PM EST 2025 =====
===== 🧬 Etherverse Self-Heal Wed Nov 12 04:43:20 PM EST 2025 =====
===== 🧬 Etherverse Self-Heal Wed Nov 12 04:43:21 PM EST 2025 =====
===== 🧬 Etherverse Self-Heal Wed Nov 12 04:43:21 PM EST 2025 =====
===== 🧬 Etherverse Self-Heal Wed Nov 12 04:43:21 PM EST 2025 =====
===== 🧬 Etherverse Self-Heal Wed Nov 12 04:43:21 PM EST 2025 =====
===== 🧬 Etherverse Self-Heal Wed Nov 12 04:44:14 PM EST 2025 =====
===== 🧬 Etherverse Self-Heal Wed Nov 12 04:45:45 PM EST 2025 =====
===== 🧬 Etherverse Self-Heal Wed Nov 12 04:45:46 PM EST 2025 =====
===== 🧬 Etherverse Self-Heal Wed Nov 12 04:47:16 PM EST 2025 =====
===== 🧬 Etherverse Self-Heal Wed Nov 12 04:48:14 PM EST 2025 =====
===== 🧬 Etherverse Self-Heal Wed Nov 12 04:48:46 PM EST 2025 =====
python3: can't open file '/root/etherverse/core/agent_registry.py': [Errno 2] No such file or directory
Reading package lists...
Building dependency tree...
Reading state information...
0 upgraded, 0 newly installed, 0 to remove and 4 not upgraded.
4.3G	/home/etherverse/etherverse
===== ✅ Self-Heal Complete Wed Nov 12 04:48:53 PM EST 2025 =====
===== 🧬 Etherverse Self-Heal Wed Nov 12 04:49:15 PM EST 2025 =====
===== 🧬 Etherverse Self-Heal Wed Nov 12 04:49:16 PM EST 2025 =====
===== 🧬 Etherverse Self-Heal Wed Nov 12 04:50:46 PM EST 2025 =====
===== 🧬 Etherverse Self-Heal Wed Nov 12 04:50:46 PM EST 2025 =====
===== 🧬 Etherverse Self-Heal Wed Nov 12 04:50:46 PM EST 2025 =====
===== 🧬 Etherverse Self-Heal Wed Nov 12 04:50:46 PM EST 2025 =====
===== 🧬 Etherverse Self-Heal Wed Nov 12 04:52:17 PM EST 2025 =====
===== 🧬 Etherverse Self-Heal Wed Nov 12 04:52:17 PM EST 2025 =====
===== 🧬 Etherverse Self-Heal Wed Nov 12 08:48:19 PM EST 2025 =====
===== 🧬 Etherverse Self-Heal Wed Nov 12 08:48:55 PM EST 2025 =====
===== 🧬 Etherverse Self-Heal Wed Nov 12 08:50:43 PM EST 2025 =====
===== 🧬 Etherverse Self-Heal Wed Nov 12 08:52:55 PM EST 2025 =====
===== 🧬 Etherverse Self-Heal Wed Nov 12 08:54:17 PM EST 2025 =====
===== 🧬 Etherverse Self-Heal Wed Nov 12 08:54:32 PM EST 2025 =====
===== 🧬 Etherverse Self-Heal Wed Nov 12 08:57:11 PM EST 2025 =====
python3: can't open file '/root/etherverse/core/agent_registry.py': [Errno 2] No such file or directory
Reading package lists...
Building dependency tree...===== 🧬 Etherverse Self-Heal Wed Nov 12 08:59:50 PM EST 2025 =====

Reading state information...
===== 🧬 Etherverse Self-Heal Wed Nov 12 09:01:57 PM EST 2025 =====
===== 🧬 Etherverse Self-Heal Wed Nov 12 09:03:35 PM EST 2025 =====
The following packages will be REMOVED:
  gyp libjs-async libjs-events libjs-inherits libjs-is-typedarray
  libjs-prettify libjs-regenerate libjs-source-map libjs-sprintf-js
  libjs-typedarray-to-buffer libuv1-dev node-abbrev node-ampproject-remapping
  node-ansi-regex node-ansi-styles node-aproba node-are-we-there-yet
  node-arrify node-async node-async-each node-auto-bind
  node-babel-plugin-add-module-exports node-babel7-runtime node-balanced-match
  node-base64-js node-binary-extensions node-brace-expansion node-busboy
  node-camelcase node-caniuse-lite node-chownr node-chrome-trace-event
  node-ci-info node-cjs-module-lexer node-cli-boxes node-cli-cursor node-clone
  node-collection-visit node-color-convert node-color-name node-colors
  node-commander node-commondir node-concat-stream
  node-console-control-strings node-convert-source-map node-core-js
  node-core-js-pure node-core-util-is node-data-uri-to-buffer
  node-decompress-response node-deep-is node-defaults node-define-property
  node-delegates node-depd node-diff node-electron-to-chromium node-encoding
  node-end-of-stream node-err-code node-error-ex node-es-module-lexer
  node-escape-string-regexp node-eslint-utils node-eslint-visitor-keys
  node-esquery node-estraverse node-esutils node-events node-fancy-log
  node-fast-deep-equal node-fast-levenshtein node-fetch node-find-up
  node-flatted node-foreground-child node-fs-readdir-recursive
  node-fs-write-stream-atomic node-fs.realpath node-function-bind
  node-get-caller-file node-get-stream node-get-value node-glob node-globals
  node-got node-graceful-fs node-growl node-has-flag node-has-unicode
  node-has-value node-has-values node-hosted-git-info node-iconv-lite
  node-ieee754 node-iferr node-imurmurhash node-indent-string node-inflight
  node-inherits node-ini node-interpret node-ip node-ip-regex node-is-arrayish
  node-is-binary-path node-is-buffer node-is-descriptor node-is-extglob
  node-is-path-cwd node-is-plain-obj node-is-plain-object node-is-stream
  node-is-typedarray node-is-windows node-isarray node-isexe node-isobject
  node-js-tokens node-json-buffer node-json-parse-better-errors
  node-json-schema node-json-schema-traverse node-json-stable-stringify
  node-jsonify node-jsonparse node-kind-of node-levn node-loader-runner
  node-locate-path node-lodash-packages node-lowercase-keys node-lru-cache
  node-map-visit node-memfs node-merge-stream node-mimic-response
  node-minimatch node-minimist node-minipass node-mute-stream node-n3
  node-negotiator node-npm-run-path node-object-inspect node-object-visit
  node-once node-optimist node-optionator node-osenv node-p-cancelable
  node-p-limit node-p-locate node-p-map node-pascalcase node-path-dirname
  node-path-exists node-path-is-absolute node-path-is-inside node-path-type
  node-pify node-pkg-dir node-postcss-value-parser node-prelude-ls
  node-process-nextick-args node-promise-inflight node-promise-retry
  node-promzard node-prr node-pump node-quick-lru node-randombytes node-read
  node-readable-stream node-rechoir node-regenerator-runtime
  node-regenerator-transform node-regexpp node-regjsgen node-repeat-string
  node-require-directory node-resolve node-resolve-cwd node-resolve-from
  node-restore-cursor node-resumer node-retry node-run-queue node-safe-buffer
  node-serialize-javascript node-set-blocking node-set-immediate-shim
  node-shebang-command node-shebang-regex node-shell-quote node-signal-exit
  node-slash node-slice-ansi node-source-list-map node-source-map
  node-spdx-correct node-spdx-exceptions node-spdx-expression-parse
  node-spdx-license-ids node-sprintf-js node-ssri node-stack-utils
  node-string-decoder node-strip-bom node-supports-color node-tapable
  node-terser node-text-table node-through node-time-stamp
  node-to-fast-properties node-tslib node-type-check node-typedarray
  node-typedarray-to-buffer node-undici
  node-unicode-canonical-property-names-ecmascript
  node-unicode-match-property-value-ecmascript
  node-unicode-property-aliases-ecmascript node-unset-value
  node-util-deprecate node-uuid node-v8flags node-validate-npm-package-license
  node-wcwidth.js node-webpack-sources node-wordwrap node-wrappy
  node-write-file-atomic node-xtend node-y18n node-yallist node-yaml
===== 🧬 Etherverse Self-Heal Wed Nov 12 09:05:25 PM EST 2025 =====
